#
# A fatal error has been detected by the Java Runtime Environment:
#
#  EXCEPTION_ACCESS_VIOLATION (0xc0000005) at pc=0x000000006dccb0f5, pid=6068, tid=6740
#
# JRE version: 6.0_24-b07
# Java VM: Java HotSpot(TM) 64-Bit Server VM (19.1-b02 mixed mode windows-amd64 )
# Problematic frame:
# V  [jvm.dll+0x43b0f5]
#
# If you would like to submit a bug report, please visit:
#   http://java.sun.com/webapps/bugreport/crash.jsp
#

---------------  T H R E A D  ---------------

Current thread (0x000000006e9be000):  VMThread [stack: 0x0000000071a60000,0x0000000071b60000] [id=6740]

siginfo: ExceptionCode=0xc0000005, reading address 0x0000000000000029

Registers:
RAX=0x0000000000000028, RBX=0x0000000004e06100, RCX=0x000000000281de70, RDX=0x0000000080094900
RSP=0x0000000071b5f520, RBP=0x0000000000000000, RSI=0x0000000000000001, RDI=0x0000000100000000
R8=0x000000008002f378, R9=0x0000000002910000, R10=0x0000000071b5f5a8, R11=0x000000000282dbe0
R12=0x0000000000000001, R13=0x000000008002f378, R14=0x000000000282dc10, R15=0x0000000000000000
RIP=0x000000006dccb0f5, EFLAGS=0x0000000000010246

Register to memory mapping:

RAX=0x0000000000000028
0x0000000000000028 is pointing to unknown location

RBX=0x0000000004e06100
0x0000000004e06100 is pointing to unknown location

RCX=0x000000000281de70
0x000000000281de70 is pointing to unknown location

RDX=0x0000000080094900
java.lang.ref.Reference 
 - klass: 'java/lang/ref/Reference'

RSP=0x0000000071b5f520
0x0000000071b5f520 is pointing to unknown location

RBP=0x0000000000000000
0x0000000000000000 is pointing to unknown location

RSI=0x0000000000000001
0x0000000000000001 is pointing to unknown location

RDI=0x0000000100000000
[I 
 - klass: {type array int}
 - length: -985110996

R8 =0x000000008002f378
{instance class} 
 - klass: {other class}

R9 =0x0000000002910000
0x0000000002910000 is pointing to unknown location

R10=0x0000000071b5f5a8
0x0000000071b5f5a8 is pointing to unknown location

R11=0x000000000282dbe0
0x000000000282dbe0 is pointing to unknown location

R12=0x0000000000000001
0x0000000000000001 is pointing to unknown location

R13=0x000000008002f378
{instance class} 
 - klass: {other class}

R14=0x000000000282dc10
0x000000000282dc10 is pointing to unknown location

R15=0x0000000000000000
0x0000000000000000 is pointing to unknown location


Top of Stack: (sp=0x0000000071b5f520)
0x0000000071b5f520:   000000007343f360 000000006dc6691a
0x0000000071b5f530:   000000007343f370 000000000281df80
0x0000000071b5f540:   0000000000000012 000000000070fd00
0x0000000071b5f550:   000000000070fac0 0000000000000000
0x0000000071b5f560:   000000000282c750 0000000000000002
0x0000000071b5f570:   000000008002f378 000000006dccb92a
0x0000000071b5f580:   0000000002edd59a 0000000073010000
0x0000000071b5f590:   0000000000000000 0000000000000030
0x0000000071b5f5a0:   0000000000000000 000000006ddc3850
0x0000000071b5f5b0:   0000000071b5f550 0000000000000000
0x0000000071b5f5c0:   0000000c21adbbb0 0000000000000c00
0x0000000071b5f5d0:   000000000281e010 000000006dccc657
0x0000000071b5f5e0:   0000000000000000 000000069bdfee78
0x0000000071b5f5f0:   000000000282c750 000000008002f378
0x0000000071b5f600:   000000000281de70 000000006dcbaafc
0x0000000071b5f610:   000000000281de70 000000000281df80 

Instructions: (pc=0x000000006dccb0f5)
0x000000006dccb0e5:   e0 49 d3 e4 4c 03 e5 eb 0b 48 63 05 0f 48 24 00
0x000000006dccb0f5:   4c 8b 24 30 4c 3b e2 0f 85 91 03 00 00 49 8b ce 


Stack: [0x0000000071a60000,0x0000000071b60000],  sp=0x0000000071b5f520,  free space=1021k
Native frames: (J=compiled Java code, j=interpreted, Vv=VM code, C=native code)
V  [jvm.dll+0x43b0f5]

[error occurred during error reporting (printing native stack), id 0xc0000005]

VM_Operation (0x000000007663edb0): ParallelGCFailedAllocation, mode: safepoint, requested by thread 0x0000000072671800


---------------  P R O C E S S  ---------------

Java Threads: ( => current thread )
  0x00000000726bb000 JavaThread "AWT-Windows" daemon [_thread_in_native, id=6084, stack(0x0000000077910000,0x0000000077a10000)]
  0x00000000726b9800 JavaThread "Java2D Disposer" daemon [_thread_blocked, id=7084, stack(0x0000000077710000,0x0000000077810000)]
  0x00000000726b8800 JavaThread "pool-1-thread-64" [_thread_blocked, id=5404, stack(0x0000000077610000,0x0000000077710000)]
  0x00000000726b8000 JavaThread "pool-1-thread-63" [_thread_blocked, id=4952, stack(0x0000000077510000,0x0000000077610000)]
  0x00000000726b7000 JavaThread "pool-1-thread-62" [_thread_blocked, id=5528, stack(0x0000000077410000,0x0000000077510000)]
  0x00000000726b6800 JavaThread "pool-1-thread-61" [_thread_blocked, id=6876, stack(0x0000000076f70000,0x0000000077070000)]
  0x00000000726b6000 JavaThread "pool-1-thread-60" [_thread_blocked, id=4168, stack(0x0000000076e70000,0x0000000076f70000)]
  0x00000000726b5000 JavaThread "pool-1-thread-59" [_thread_blocked, id=6564, stack(0x0000000076c40000,0x0000000076d40000)]
  0x00000000726b4800 JavaThread "pool-1-thread-58" [_thread_blocked, id=5060, stack(0x0000000076b40000,0x0000000076c40000)]
  0x00000000726b3800 JavaThread "pool-1-thread-57" [_thread_blocked, id=4036, stack(0x0000000076a40000,0x0000000076b40000)]
  0x00000000726b3000 JavaThread "pool-1-thread-56" [_thread_blocked, id=4664, stack(0x0000000076940000,0x0000000076a40000)]
  0x0000000072674000 JavaThread "pool-1-thread-55" [_thread_blocked, id=8052, stack(0x0000000076840000,0x0000000076940000)]
  0x0000000072673000 JavaThread "pool-1-thread-54" [_thread_blocked, id=5652, stack(0x0000000076740000,0x0000000076840000)]
  0x0000000072672800 JavaThread "pool-1-thread-53" [_thread_blocked, id=6760, stack(0x0000000076640000,0x0000000076740000)]
  0x0000000072671800 JavaThread "pool-1-thread-52" [_thread_blocked, id=3220, stack(0x0000000076540000,0x0000000076640000)]
  0x0000000072671000 JavaThread "pool-1-thread-51" [_thread_blocked, id=7804, stack(0x0000000076440000,0x0000000076540000)]
  0x0000000072670800 JavaThread "pool-1-thread-50" [_thread_blocked, id=6316, stack(0x0000000076340000,0x0000000076440000)]
  0x000000007266f800 JavaThread "pool-1-thread-49" [_thread_blocked, id=8012, stack(0x0000000076240000,0x0000000076340000)]
  0x000000007266f000 JavaThread "pool-1-thread-48" [_thread_blocked, id=416, stack(0x0000000076140000,0x0000000076240000)]
  0x000000007266e000 JavaThread "pool-1-thread-47" [_thread_blocked, id=2052, stack(0x0000000076040000,0x0000000076140000)]
  0x000000007266d800 JavaThread "pool-1-thread-46" [_thread_blocked, id=1688, stack(0x0000000075f40000,0x0000000076040000)]
  0x000000007266c800 JavaThread "pool-1-thread-45" [_thread_blocked, id=4364, stack(0x0000000075e40000,0x0000000075f40000)]
  0x000000007266c000 JavaThread "pool-1-thread-44" [_thread_blocked, id=2080, stack(0x0000000075d40000,0x0000000075e40000)]
  0x000000007266b000 JavaThread "pool-1-thread-43" [_thread_blocked, id=7564, stack(0x0000000075c40000,0x0000000075d40000)]
  0x000000007266a800 JavaThread "pool-1-thread-42" [_thread_blocked, id=5500, stack(0x0000000075b40000,0x0000000075c40000)]
  0x000000007266a000 JavaThread "pool-1-thread-41" [_thread_blocked, id=5380, stack(0x0000000075a40000,0x0000000075b40000)]
  0x0000000072669000 JavaThread "pool-1-thread-40" [_thread_blocked, id=7108, stack(0x0000000075940000,0x0000000075a40000)]
  0x0000000072668800 JavaThread "pool-1-thread-39" [_thread_blocked, id=6788, stack(0x0000000075840000,0x0000000075940000)]
  0x0000000072667800 JavaThread "pool-1-thread-38" [_thread_blocked, id=3520, stack(0x0000000075740000,0x0000000075840000)]
  0x0000000072667000 JavaThread "pool-1-thread-37" [_thread_blocked, id=5284, stack(0x0000000075640000,0x0000000075740000)]
  0x0000000072666000 JavaThread "pool-1-thread-36" [_thread_blocked, id=7508, stack(0x0000000075540000,0x0000000075640000)]
  0x0000000072665800 JavaThread "pool-1-thread-35" [_thread_blocked, id=5920, stack(0x0000000075440000,0x0000000075540000)]
  0x0000000072664800 JavaThread "pool-1-thread-34" [_thread_blocked, id=4804, stack(0x0000000075340000,0x0000000075440000)]
  0x0000000072684000 JavaThread "pool-1-thread-33" [_thread_blocked, id=3840, stack(0x0000000075240000,0x0000000075340000)]
  0x0000000072683000 JavaThread "pool-1-thread-32" [_thread_blocked, id=1392, stack(0x0000000075140000,0x0000000075240000)]
  0x0000000072682800 JavaThread "pool-1-thread-31" [_thread_blocked, id=3704, stack(0x0000000075040000,0x0000000075140000)]
  0x0000000072681800 JavaThread "pool-1-thread-30" [_thread_blocked, id=4032, stack(0x0000000074f40000,0x0000000075040000)]
  0x0000000072681000 JavaThread "pool-1-thread-29" [_thread_blocked, id=632, stack(0x0000000074e40000,0x0000000074f40000)]
  0x0000000072680800 JavaThread "pool-1-thread-28" [_thread_blocked, id=7420, stack(0x0000000074d40000,0x0000000074e40000)]
  0x000000007267f800 JavaThread "pool-1-thread-27" [_thread_blocked, id=5820, stack(0x0000000074c40000,0x0000000074d40000)]
  0x000000007267f000 JavaThread "pool-1-thread-26" [_thread_blocked, id=7280, stack(0x0000000074b40000,0x0000000074c40000)]
  0x000000007267e000 JavaThread "pool-1-thread-25" [_thread_blocked, id=1224, stack(0x0000000074a40000,0x0000000074b40000)]
  0x000000007267d800 JavaThread "pool-1-thread-24" [_thread_blocked, id=6080, stack(0x0000000074940000,0x0000000074a40000)]
  0x000000007267c800 JavaThread "pool-1-thread-23" [_thread_blocked, id=7864, stack(0x0000000074840000,0x0000000074940000)]
  0x000000007267c000 JavaThread "pool-1-thread-22" [_thread_blocked, id=7540, stack(0x0000000074740000,0x0000000074840000)]
  0x000000007267b000 JavaThread "pool-1-thread-21" [_thread_blocked, id=5536, stack(0x0000000074640000,0x0000000074740000)]
  0x000000007267a800 JavaThread "pool-1-thread-20" [_thread_blocked, id=7976, stack(0x0000000074540000,0x0000000074640000)]
  0x000000007267a000 JavaThread "pool-1-thread-19" [_thread_blocked, id=7916, stack(0x0000000074440000,0x0000000074540000)]
  0x0000000072679000 JavaThread "pool-1-thread-18" [_thread_blocked, id=7196, stack(0x0000000074340000,0x0000000074440000)]
  0x0000000072678800 JavaThread "pool-1-thread-17" [_thread_blocked, id=5568, stack(0x0000000074240000,0x0000000074340000)]
  0x0000000072677800 JavaThread "pool-1-thread-16" [_thread_blocked, id=7692, stack(0x0000000074140000,0x0000000074240000)]
  0x0000000072677000 JavaThread "pool-1-thread-15" [_thread_blocked, id=6652, stack(0x0000000074040000,0x0000000074140000)]
  0x0000000072676000 JavaThread "pool-1-thread-14" [_thread_blocked, id=7620, stack(0x0000000073f40000,0x0000000074040000)]
  0x0000000072675800 JavaThread "pool-1-thread-13" [_thread_blocked, id=6772, stack(0x0000000073e40000,0x0000000073f40000)]
  0x0000000072674800 JavaThread "pool-1-thread-12" [_thread_blocked, id=6820, stack(0x0000000073d40000,0x0000000073e40000)]
  0x000000007260f000 JavaThread "pool-1-thread-11" [_thread_blocked, id=5132, stack(0x0000000073c40000,0x0000000073d40000)]
  0x0000000072757800 JavaThread "pool-1-thread-10" [_thread_blocked, id=3544, stack(0x0000000073b40000,0x0000000073c40000)]
  0x0000000072754800 JavaThread "pool-1-thread-9" [_thread_blocked, id=6096, stack(0x0000000073a40000,0x0000000073b40000)]
  0x000000007274a000 JavaThread "pool-1-thread-8" [_thread_blocked, id=8112, stack(0x0000000073940000,0x0000000073a40000)]
  0x0000000072749000 JavaThread "pool-1-thread-7" [_thread_blocked, id=4836, stack(0x0000000073840000,0x0000000073940000)]
  0x00000000725c1000 JavaThread "pool-1-thread-6" [_thread_blocked, id=4348, stack(0x0000000073740000,0x0000000073840000)]
  0x00000000725c0000 JavaThread "pool-1-thread-5" [_thread_blocked, id=6728, stack(0x0000000073640000,0x0000000073740000)]
  0x00000000724e6800 JavaThread "pool-1-thread-4" [_thread_blocked, id=7100, stack(0x0000000073540000,0x0000000073640000)]
  0x00000000724e6000 JavaThread "pool-1-thread-3" [_thread_blocked, id=3376, stack(0x0000000073440000,0x0000000073540000)]
  0x0000000072706000 JavaThread "pool-1-thread-2" [_thread_blocked, id=6216, stack(0x0000000073340000,0x0000000073440000)]
  0x0000000072705800 JavaThread "pool-1-thread-1" [_thread_blocked, id=7756, stack(0x0000000073240000,0x0000000073340000)]
  0x000000006ea35000 JavaThread "Low Memory Detector" daemon [_thread_blocked, id=4628, stack(0x0000000072160000,0x0000000072260000)]
  0x000000006ea29000 JavaThread "CompilerThread1" daemon [_thread_blocked, id=4300, stack(0x0000000072060000,0x0000000072160000)]
  0x000000006ea22000 JavaThread "CompilerThread0" daemon [_thread_blocked, id=8156, stack(0x0000000071f60000,0x0000000072060000)]
  0x000000006ea1d000 JavaThread "Attach Listener" daemon [_thread_blocked, id=4496, stack(0x0000000071e60000,0x0000000071f60000)]
  0x000000006ea1c800 JavaThread "Signal Dispatcher" daemon [_thread_blocked, id=1968, stack(0x0000000071d60000,0x0000000071e60000)]
  0x000000006e9c6000 JavaThread "Finalizer" daemon [_thread_blocked, id=5876, stack(0x0000000071c60000,0x0000000071d60000)]
  0x000000006e9c5800 JavaThread "Reference Handler" daemon [_thread_blocked, id=4412, stack(0x0000000071b60000,0x0000000071c60000)]
  0x000000000070e000 JavaThread "main" [_thread_blocked, id=6504, stack(0x00000000005c0000,0x00000000006c0000)]

Other Threads:
=>0x000000006e9be000 VMThread [stack: 0x0000000071a60000,0x0000000071b60000] [id=6740]
  0x000000006ea3e000 WatcherThread [stack: 0x0000000072260000,0x0000000072360000] [id=5780]

VM state:at safepoint (normal execution)

VM Mutex/Monitor currently owned by a thread:  ([mutex/lock_event])
[0x000000000070c440] Threads_lock - owner thread: 0x000000006e9be000
[0x000000000070c940] Heap_lock - owner thread: 0x0000000072671800

Heap
 PSYoungGen      total 113777792K, used 0K [0x00000051e6750000, 0x0000007a971f0000, 0x0000007a971f0000)
  eden space 56888960K, 0% used [0x00000051e6750000,0x00000051e6750000,0x0000005f76af0000)
  from space 56888832K, 0% used [0x0000005f76af0000,0x0000005f76af0000,0x0000006d06e70000)
  to   space 56888832K, 0% used [0x0000006d06e70000,0x0000006d06e70000,0x0000007a971f0000)
 PSOldGen        total 341333376K, used 50883438K [0x00000000851f0000, 0x00000051e6750000, 0x00000051e6750000)
  object space 341333376K, 14% used [0x00000000851f0000,0x0000000ca6ccbbb0,0x00000051e6750000)
 PSPermGen       total 23808K, used 23195K [0x000000007fff0000, 0x0000000081730000, 0x00000000851f0000)
  object space 23808K, 97% used [0x000000007fff0000,0x0000000081696f80,0x0000000081730000)

Dynamic libraries:
0x0000000000400000 - 0x000000000042e000 	C:\scox\app\AnyLogic 6.9 University\AnyLogic 6 University\jre\bin\javaw.exe
0x0000000077240000 - 0x00000000773e9000 	C:\Windows\SYSTEM32\ntdll.dll
0x0000000077120000 - 0x000000007723f000 	C:\Windows\system32\kernel32.dll
0x000007fefd790000 - 0x000007fefd7fb000 	C:\Windows\system32\KERNELBASE.dll
0x000007fefef80000 - 0x000007feff05b000 	C:\Windows\system32\ADVAPI32.dll
0x000007feff450000 - 0x000007feff4ef000 	C:\Windows\system32\msvcrt.dll
0x000007fefdd30000 - 0x000007fefdd4f000 	C:\Windows\SYSTEM32\sechost.dll
0x000007fefe0c0000 - 0x000007fefe1ed000 	C:\Windows\system32\RPCRT4.dll
0x0000000076d70000 - 0x0000000076e6a000 	C:\Windows\system32\USER32.dll
0x000007feff270000 - 0x000007feff2d7000 	C:\Windows\system32\GDI32.dll
0x000007fefe010000 - 0x000007fefe01e000 	C:\Windows\system32\LPK.dll
0x000007feff300000 - 0x000007feff3c9000 	C:\Windows\system32\USP10.dll
0x000007fefdd00000 - 0x000007fefdd2e000 	C:\Windows\system32\IMM32.DLL
0x000007fefdb10000 - 0x000007fefdc19000 	C:\Windows\system32\MSCTF.dll
0x000000006d890000 - 0x000000006df94000 	C:\scox\app\AnyLogic 6.9 University\AnyLogic 6 University\jre\bin\server\jvm.dll
0x000007fef98f0000 - 0x000007fef992b000 	C:\Windows\system32\WINMM.dll
0x000000006d800000 - 0x000000006d80e000 	C:\scox\app\AnyLogic 6.9 University\AnyLogic 6 University\jre\bin\verify.dll
0x000000006d450000 - 0x000000006d477000 	C:\scox\app\AnyLogic 6.9 University\AnyLogic 6 University\jre\bin\java.dll
0x000000006d3b0000 - 0x000000006d3ba000 	C:\scox\app\AnyLogic 6.9 University\AnyLogic 6 University\jre\bin\hpi.dll
0x0000000077400000 - 0x0000000077407000 	C:\Windows\system32\PSAPI.DLL
0x000000006d850000 - 0x000000006d862000 	C:\scox\app\AnyLogic 6.9 University\AnyLogic 6 University\jre\bin\zip.dll
0x0000000072760000 - 0x0000000072923000 	C:\scox\app\AnyLogic 6.9 University\AnyLogic 6 University\jre\bin\awt.dll
0x000007fef9180000 - 0x000007fef91f1000 	C:\Windows\system32\WINSPOOL.DRV
0x000007feff060000 - 0x000007feff263000 	C:\Windows\system32\ole32.dll
0x000007fefe1f0000 - 0x000007fefef78000 	C:\Windows\system32\SHELL32.dll
0x000007fefdf40000 - 0x000007fefdfb1000 	C:\Windows\system32\SHLWAPI.dll
0x000007fefc120000 - 0x000007fefc314000 	C:\Windows\WinSxS\amd64_microsoft.windows.common-controls_6595b64144ccf1df_6.0.7601.17514_none_fa396087175ac9ac\COMCTL32.dll
0x000007fefb950000 - 0x000007fefb968000 	C:\Windows\system32\DWMAPI.DLL
0x000007fefd570000 - 0x000007fefd57f000 	C:\Windows\system32\CRYPTBASE.dll
0x0000000000390000 - 0x00000000003f6000 	C:\scox\app\AnyLogic 6.9 University\AnyLogic 6 University\jre\bin\fontmanager.dll
0x00000000006c0000 - 0x00000000006d7000 	C:\scox\app\AnyLogic 6.9 University\AnyLogic 6 University\jre\bin\net.dll
0x000007fefdfc0000 - 0x000007fefe00d000 	C:\Windows\system32\WS2_32.dll
0x000007fefdf30000 - 0x000007fefdf38000 	C:\Windows\system32\NSI.dll
0x000007fefced0000 - 0x000007fefcf25000 	C:\Windows\system32\mswsock.dll
0x000007fefcec0000 - 0x000007fefcec7000 	C:\Windows\System32\wship6.dll
0x00000000006e0000 - 0x00000000006eb000 	C:\scox\app\AnyLogic 6.9 University\AnyLogic 6 University\jre\bin\nio.dll

VM Arguments:
jvm_args: -Xms1024m -Xmx500000m -DlanguageId_xjal=en0k6lcd -Dfile.encoding=Cp1252 
java_command: com.xj.anylogic.ms.MS CRC.HassmillerCRC 1634540 seed 12334
Launcher Type: SUN_STANDARD

Environment Variables:
JAVA_HOME=C:\scox\app\jdk1.7.0
PATH=C:/scox/app/AnyLogic 6.9 University/AnyLogic 6 University/jre/bin/server;C:/scox/app/AnyLogic 6.9 University/AnyLogic 6 University/jre/bin;C:/scox/app/AnyLogic 6.9 University/AnyLogic 6 University/jre/lib/amd64;C:\Users\stevec\app\jdk1.7.0_45\bin;C:\Users\stevec\app\apache-maven-3.1.1\bin;C:\Windows\system32;C:\Windows;C:\Windows\System32\Wbem;C:\Windows\System32\WindowsPowerShell\v1.0\;C:\Program Files\Perforce;C:\scox\app\jdk1.7.0\bin;C:\scox\app\apache-maven-3.0.4\bin;C:\scox\app\AnyLogic 6.9 University\AnyLogic 6 University;
USERNAME=dacornej
OS=Windows_NT
PROCESSOR_IDENTIFIER=Intel64 Family 6 Model 46 Stepping 6, GenuineIntel



---------------  S Y S T E M  ---------------

OS: Windows NT 6.1 Build 7601 Service Pack 1

CPU:total 64 (8 cores per cpu, 2 threads per core) family 6 model 46 stepping 6, cmov, cx8, fxsr, mmx, sse, sse2, sse3, ssse3, sse4.1, sse4.2, popcnt, ht

Memory: 4k page, physical 1073731412k(544158056k free), swap 1074090896k(507722644k free)

vm_info: Java HotSpot(TM) 64-Bit Server VM (19.1-b02) for windows-amd64 JRE (1.6.0_24-b07), built on Feb  2 2011 16:25:45 by "java_re" with MS VC++ 8.0 (VS2005)

time: Tue Apr 08 19:33:54 2014
elapsed time: 19511 seconds

