#
# A fatal error has been detected by the Java Runtime Environment:
#
#  EXCEPTION_ACCESS_VIOLATION (0xc0000005) at pc=0x000000006dae5160, pid=150836, tid=6432
#
# JRE version: 6.0_24-b07
# Java VM: Java HotSpot(TM) 64-Bit Server VM (19.1-b02 mixed mode windows-amd64 )
# Problematic frame:
# V  [jvm.dll+0x255160]
#
# If you would like to submit a bug report, please visit:
#   http://java.sun.com/webapps/bugreport/crash.jsp
#

---------------  T H R E A D  ---------------

Current thread (0x000000005cd1b800):  JavaThread "Finalizer" daemon [_thread_in_vm, id=6432, stack(0x000000005ffb0000,0x00000000600b0000)]

siginfo: ExceptionCode=0xc0000005, reading address 0xffffffffffffffff

Registers:
RAX=0x000000006d8f64a0, RBX=0x0000000002805218, RCX=0x000000006de52340, RDX=0x000000005cd1b800
RSP=0x00000000600af720, RBP=0x000000005cd07820, RSI=0x0000000002805208, RDI=0x0000000002805210
R8=0x000000007fff04e0, R9=0x000000007fff4438, R10=0x0000000000000000, R11=0x00000000600af7a8
R12=0x000000005cd1b800, R13=0x000000006de52330, R14=0x000000006d468010, R15=0x000000005cd0aea0
RIP=0x000000006dae5160, EFLAGS=0x0000000000010202

Register to memory mapping:

RAX=0x000000006d8f64a0
0x000000006d8f64a0 is pointing to unknown location

RBX=0x0000000002805218
0x0000000002805218 is pointing to unknown location

RCX=0x000000006de52340
0x000000006de52340 is pointing to unknown location

RDX=0x000000005cd1b800
"Finalizer" daemon prio=8 tid=0x000000005cd1b800 nid=0x1920 runnable [0x00000000600af000]
   java.lang.Thread.State: RUNNABLE

RSP=0x00000000600af720
0x00000000600af720 is pointing into the stack for thread: 0x000000005cd1b800
"Finalizer" daemon prio=8 tid=0x000000005cd1b800 nid=0x1920 runnable [0x00000000600af000]
   java.lang.Thread.State: RUNNABLE

RBP=0x000000005cd07820
0x000000005cd07820 is pointing to unknown location

RSI=0x0000000002805208
0x0000000002805208 is pointing to unknown location

RDI=0x0000000002805210
0x0000000002805210 is pointing to unknown location

R8 =0x000000007fff04e0
{type array class} 
 - klass: {other class}

R9 =0x000000007fff4438
{symbol} 
 - klass: {other class}

R10=0x0000000000000000
0x0000000000000000 is pointing to unknown location

R11=0x00000000600af7a8
0x00000000600af7a8 is pointing into the stack for thread: 0x000000005cd1b800
"Finalizer" daemon prio=8 tid=0x000000005cd1b800 nid=0x1920 runnable [0x00000000600af000]
   java.lang.Thread.State: RUNNABLE

R12=0x000000005cd1b800
"Finalizer" daemon prio=8 tid=0x000000005cd1b800 nid=0x1920 runnable [0x00000000600af000]
   java.lang.Thread.State: RUNNABLE

R13=0x000000006de52330
0x000000006de52330 is pointing to unknown location

R14=0x000000006d468010
0x000000006d468010 is pointing to unknown location

R15=0x000000005cd0aea0
0x000000005cd0aea0 is pointing to unknown location


Top of Stack: (sp=0x00000000600af720)
0x00000000600af720:   0000000000000000 000000007fff5d50
0x00000000600af730:   0000000002805208 000000006d468019
0x00000000600af740:   00000000600af8e0 000000005cd1b9c8
0x00000000600af750:   00000000d764dc1e 00000000600af7a8
0x00000000600af760:   000000005cd1b800 000000005cd1b800
0x00000000600af770:   00000000600af8e0 00000000800318c0
0x00000000600af780:   000000005cd0aea0 000000005cd1b9c8
0x00000000600af790:   000000006d467e68 000000006d468010
0x00000000600af7a0:   000000005cd1b800 000000006dae5339
0x00000000600af7b0:   0000000080030e90 000000006dad3a1e
0x00000000600af7c0:   0000000000009b75 00000000600af8c0
0x00000000600af7d0:   000000005cd1b900 000000005cd1b800
0x00000000600af7e0:   000000005cd1b800 0000000000000000
0x00000000600af7f0:   000000005cd1b800 000000005cd1b800
0x00000000600af800:   0000000080030e90 000000006d4524fc
0x00000000600af810:   000000005cd1b9c8 00000000600af8c0 

Instructions: (pc=0x000000006dae5160)
0x000000006dae5150:   89 2b 49 8b cd 48 8b 41 10 48 83 c1 10 49 8b d4
0x000000006dae5160:   ff 50 58 49 83 7c 24 08 00 0f 85 ad 00 00 00 48 


Stack: [0x000000005ffb0000,0x00000000600b0000],  sp=0x00000000600af720,  free space=1021k
Native frames: (J=compiled Java code, j=interpreted, Vv=VM code, C=native code)
V  [jvm.dll+0x255160]

Java frames: (J=compiled Java code, j=interpreted, Vv=VM code)
j  java.lang.ref.Finalizer.invokeFinalizeMethod(Ljava/lang/Object;)V+0
j  java.lang.ref.Finalizer.runFinalizer()V+45
j  java.lang.ref.Finalizer.access$100(Ljava/lang/ref/Finalizer;)V+1
j  java.lang.ref.Finalizer$FinalizerThread.run()V+11
v  ~StubRoutines::call_stub

---------------  P R O C E S S  ---------------

Java Threads: ( => current thread )
  0x00000000609ab000 JavaThread "AWT-Windows" daemon [_thread_in_native, id=465788, stack(0x00000000655b0000,0x00000000656b0000)]
  0x00000000609a9800 JavaThread "Java2D Disposer" daemon [_thread_blocked, id=922528, stack(0x00000000653b0000,0x00000000654b0000)]
  0x00000000609a8800 JavaThread "pool-1-thread-64" [_thread_blocked, id=1796, stack(0x00000000652b0000,0x00000000653b0000)]
  0x00000000609a8000 JavaThread "pool-1-thread-63" [_thread_in_Java, id=365700, stack(0x00000000651b0000,0x00000000652b0000)]
  0x00000000609a7800 JavaThread "pool-1-thread-62" [_thread_in_Java, id=1242832, stack(0x00000000650b0000,0x00000000651b0000)]
  0x00000000609a6800 JavaThread "pool-1-thread-61" [_thread_blocked, id=1121612, stack(0x0000000064fb0000,0x00000000650b0000)]
  0x00000000609a6000 JavaThread "pool-1-thread-60" [_thread_blocked, id=1242472, stack(0x0000000064eb0000,0x0000000064fb0000)]
  0x00000000609a5000 JavaThread "pool-1-thread-59" [_thread_in_Java, id=1242672, stack(0x0000000064db0000,0x0000000064eb0000)]
  0x00000000609a4800 JavaThread "pool-1-thread-58" [_thread_blocked, id=150952, stack(0x0000000064cb0000,0x0000000064db0000)]
  0x00000000609a3800 JavaThread "pool-1-thread-57" [_thread_blocked, id=1241688, stack(0x0000000064bb0000,0x0000000064cb0000)]
  0x00000000609a3000 JavaThread "pool-1-thread-56" [_thread_blocked, id=1102720, stack(0x0000000064ab0000,0x0000000064bb0000)]
  0x00000000609c2000 JavaThread "pool-1-thread-55" [_thread_in_Java, id=984, stack(0x00000000649b0000,0x0000000064ab0000)]
  0x00000000609c1800 JavaThread "pool-1-thread-54" [_thread_blocked, id=1102704, stack(0x00000000648b0000,0x00000000649b0000)]
  0x00000000609c0800 JavaThread "pool-1-thread-53" [_thread_in_Java, id=1242196, stack(0x00000000647b0000,0x00000000648b0000)]
  0x00000000609c0000 JavaThread "pool-1-thread-52" [_thread_blocked, id=1243064, stack(0x00000000646b0000,0x00000000647b0000)]
  0x00000000609bf000 JavaThread "pool-1-thread-51" [_thread_in_Java, id=1239360, stack(0x00000000645b0000,0x00000000646b0000)]
  0x00000000609be800 JavaThread "pool-1-thread-50" [_thread_blocked, id=1242108, stack(0x00000000644b0000,0x00000000645b0000)]
  0x00000000609be000 JavaThread "pool-1-thread-49" [_thread_blocked, id=762216, stack(0x00000000643b0000,0x00000000644b0000)]
  0x00000000609bd000 JavaThread "pool-1-thread-48" [_thread_blocked, id=1101208, stack(0x00000000642b0000,0x00000000643b0000)]
  0x00000000609bc800 JavaThread "pool-1-thread-47" [_thread_in_Java, id=456936, stack(0x00000000641b0000,0x00000000642b0000)]
  0x00000000609bb800 JavaThread "pool-1-thread-46" [_thread_blocked, id=1237128, stack(0x00000000640b0000,0x00000000641b0000)]
  0x00000000609bb000 JavaThread "pool-1-thread-45" [_thread_blocked, id=1242976, stack(0x0000000063fb0000,0x00000000640b0000)]
  0x00000000609ba000 JavaThread "pool-1-thread-44" [_thread_blocked, id=1241388, stack(0x0000000063eb0000,0x0000000063fb0000)]
  0x00000000609b9800 JavaThread "pool-1-thread-43" [_thread_blocked, id=1237636, stack(0x0000000063db0000,0x0000000063eb0000)]
  0x00000000609b8800 JavaThread "pool-1-thread-42" [_thread_blocked, id=1102452, stack(0x0000000063cb0000,0x0000000063db0000)]
  0x00000000609b8000 JavaThread "pool-1-thread-41" [_thread_blocked, id=1241496, stack(0x0000000063bb0000,0x0000000063cb0000)]
  0x00000000609b7800 JavaThread "pool-1-thread-40" [_thread_blocked, id=1242292, stack(0x0000000063ab0000,0x0000000063bb0000)]
  0x00000000609b6800 JavaThread "pool-1-thread-39" [_thread_blocked, id=1100656, stack(0x00000000639b0000,0x0000000063ab0000)]
  0x00000000609b6000 JavaThread "pool-1-thread-38" [_thread_blocked, id=1242704, stack(0x00000000638b0000,0x00000000639b0000)]
  0x00000000609b5000 JavaThread "pool-1-thread-37" [_thread_blocked, id=11424, stack(0x00000000637b0000,0x00000000638b0000)]
  0x00000000609b4800 JavaThread "pool-1-thread-36" [_thread_blocked, id=1102692, stack(0x00000000636b0000,0x00000000637b0000)]
  0x00000000609b3800 JavaThread "pool-1-thread-35" [_thread_blocked, id=1238684, stack(0x00000000635b0000,0x00000000636b0000)]
  0x00000000609b3000 JavaThread "pool-1-thread-34" [_thread_blocked, id=151344, stack(0x00000000634b0000,0x00000000635b0000)]
  0x0000000060c4b000 JavaThread "pool-1-thread-33" [_thread_blocked, id=1241540, stack(0x00000000633b0000,0x00000000634b0000)]
  0x0000000060c4a800 JavaThread "pool-1-thread-32" [_thread_in_Java, id=1242368, stack(0x00000000632b0000,0x00000000633b0000)]
  0x0000000060c49800 JavaThread "pool-1-thread-31" [_thread_blocked, id=1242312, stack(0x00000000631b0000,0x00000000632b0000)]
  0x0000000060c49000 JavaThread "pool-1-thread-30" [_thread_in_Java, id=11032, stack(0x00000000630b0000,0x00000000631b0000)]
  0x0000000060c48000 JavaThread "pool-1-thread-29" [_thread_in_Java, id=786696, stack(0x0000000062fb0000,0x00000000630b0000)]
  0x0000000060c47800 JavaThread "pool-1-thread-28" [_thread_blocked, id=1241376, stack(0x0000000062eb0000,0x0000000062fb0000)]
  0x0000000060c46800 JavaThread "pool-1-thread-27" [_thread_blocked, id=1237760, stack(0x0000000062db0000,0x0000000062eb0000)]
  0x0000000060c46000 JavaThread "pool-1-thread-26" [_thread_in_Java, id=675452, stack(0x0000000062cb0000,0x0000000062db0000)]
  0x0000000060c45000 JavaThread "pool-1-thread-25" [_thread_blocked, id=1242244, stack(0x0000000062bb0000,0x0000000062cb0000)]
  0x0000000060c44800 JavaThread "pool-1-thread-24" [_thread_blocked, id=1102612, stack(0x0000000062ab0000,0x0000000062bb0000)]
  0x0000000060c44000 JavaThread "pool-1-thread-23" [_thread_blocked, id=10600, stack(0x00000000629b0000,0x0000000062ab0000)]
  0x0000000060c43000 JavaThread "pool-1-thread-22" [_thread_blocked, id=11560, stack(0x00000000628b0000,0x00000000629b0000)]
  0x0000000060c42800 JavaThread "pool-1-thread-21" [_thread_blocked, id=1241060, stack(0x00000000627b0000,0x00000000628b0000)]
  0x0000000060c41800 JavaThread "pool-1-thread-20" [_thread_blocked, id=622168, stack(0x00000000626b0000,0x00000000627b0000)]
  0x0000000060c41000 JavaThread "pool-1-thread-19" [_thread_blocked, id=1101148, stack(0x00000000625b0000,0x00000000626b0000)]
  0x0000000060c40000 JavaThread "pool-1-thread-18" [_thread_blocked, id=1241976, stack(0x00000000624b0000,0x00000000625b0000)]
  0x0000000060c3f800 JavaThread "pool-1-thread-17" [_thread_blocked, id=1102068, stack(0x00000000623b0000,0x00000000624b0000)]
  0x0000000060c3e800 JavaThread "pool-1-thread-16" [_thread_blocked, id=1242424, stack(0x00000000622b0000,0x00000000623b0000)]
  0x0000000060c3e000 JavaThread "pool-1-thread-15" [_thread_blocked, id=788, stack(0x00000000621b0000,0x00000000622b0000)]
  0x0000000060c3d800 JavaThread "pool-1-thread-14" [_thread_blocked, id=1241988, stack(0x00000000620b0000,0x00000000621b0000)]
  0x0000000060c3c800 JavaThread "pool-1-thread-13" [_thread_blocked, id=944052, stack(0x0000000061fb0000,0x00000000620b0000)]
  0x0000000060c3c000 JavaThread "pool-1-thread-12" [_thread_blocked, id=1242560, stack(0x0000000061eb0000,0x0000000061fb0000)]
  0x0000000060aaf000 JavaThread "pool-1-thread-11" [_thread_blocked, id=333436, stack(0x0000000061db0000,0x0000000061eb0000)]
  0x0000000060854000 JavaThread "pool-1-thread-10" [_thread_blocked, id=1128892, stack(0x0000000061cb0000,0x0000000061db0000)]
  0x0000000060818000 JavaThread "pool-1-thread-9" [_thread_blocked, id=2676, stack(0x0000000061bb0000,0x0000000061cb0000)]
  0x0000000060a9f800 JavaThread "pool-1-thread-8" [_thread_blocked, id=992, stack(0x0000000061ab0000,0x0000000061bb0000)]
  0x0000000060939000 JavaThread "pool-1-thread-7" [_thread_blocked, id=674500, stack(0x00000000619b0000,0x0000000061ab0000)]
  0x0000000060938000 JavaThread "pool-1-thread-6" [_thread_blocked, id=988544, stack(0x00000000618b0000,0x00000000619b0000)]
  0x0000000060779000 JavaThread "pool-1-thread-5" [_thread_blocked, id=1040996, stack(0x00000000617b0000,0x00000000618b0000)]
  0x0000000060778800 JavaThread "pool-1-thread-4" [_thread_blocked, id=1239344, stack(0x00000000616b0000,0x00000000617b0000)]
  0x0000000060a6e000 JavaThread "pool-1-thread-3" [_thread_blocked, id=1241960, stack(0x00000000615b0000,0x00000000616b0000)]
  0x0000000060a6d000 JavaThread "pool-1-thread-2" [_thread_blocked, id=1238456, stack(0x00000000614b0000,0x00000000615b0000)]
  0x0000000060888800 JavaThread "pool-1-thread-1" [_thread_blocked, id=150660, stack(0x00000000613b0000,0x00000000614b0000)]
  0x000000005cd99000 JavaThread "Low Memory Detector" daemon [_thread_blocked, id=330444, stack(0x00000000604b0000,0x00000000605b0000)]
  0x000000005cd8b800 JavaThread "CompilerThread1" daemon [_thread_blocked, id=1086624, stack(0x00000000603b0000,0x00000000604b0000)]
  0x000000005cd76000 JavaThread "CompilerThread0" daemon [_thread_blocked, id=1189120, stack(0x00000000602b0000,0x00000000603b0000)]
  0x000000005cd71000 JavaThread "Attach Listener" daemon [_thread_blocked, id=678216, stack(0x00000000601b0000,0x00000000602b0000)]
  0x000000005cd70800 JavaThread "Signal Dispatcher" daemon [_thread_blocked, id=1121700, stack(0x00000000600b0000,0x00000000601b0000)]
=>0x000000005cd1b800 JavaThread "Finalizer" daemon [_thread_in_vm, id=6432, stack(0x000000005ffb0000,0x00000000600b0000)]
  0x000000005cd15800 JavaThread "Reference Handler" daemon [_thread_in_vm, id=1241036, stack(0x000000005feb0000,0x000000005ffb0000)]
  0x00000000008be000 JavaThread "main" [_thread_blocked, id=1243056, stack(0x0000000001e50000,0x0000000001f50000)]

Other Threads:
  0x000000005cd0e000 VMThread [stack: 0x000000005fdb0000,0x000000005feb0000] [id=1101956]
  0x000000005cda1800 WatcherThread [stack: 0x00000000605b0000,0x00000000606b0000] [id=1241644]

VM state:not at safepoint (normal execution)

VM Mutex/Monitor currently owned by a thread: None

Heap
 PSYoungGen      total 222930624K, used 900403K [0x000000a991950000, 0x000000fb1d0b0000, 0x000000fe165f0000)
  eden space 104764928K, 0% used [0x000000a991950000,0x000000a9c889ce18,0x000000c28bed0000)
  from space 118165696K, 0% used [0x000000deb8300000,0x000000deb8300000,0x000000fae4730000)
  to   space 118165696K, 0% used [0x000000c28bed0000,0x000000c28bed0000,0x000000deb8300000)
 PSOldGen        total 393294336K, used 39369588K [0x0000000087ff0000, 0x0000005e4cc70000, 0x000000a991950000)
  object space 393294336K, 10% used [0x0000000087ff0000,0x00000009eaecd170,0x0000005e4cc70000)
 PSPermGen       total 131072K, used 22990K [0x000000007fff0000, 0x0000000087ff0000, 0x0000000087ff0000)
  object space 131072K, 17% used [0x000000007fff0000,0x0000000081663a40,0x0000000087ff0000)

Dynamic libraries:
0x0000000000400000 - 0x000000000042e000 	C:\scox\app\AnyLogic 6.9 University\AnyLogic 6 University\jre\bin\javaw.exe
0x0000000077240000 - 0x00000000773e9000 	C:\Windows\SYSTEM32\ntdll.dll
0x0000000077120000 - 0x000000007723f000 	C:\Windows\system32\kernel32.dll
0x000007fefd790000 - 0x000007fefd7fb000 	C:\Windows\system32\KERNELBASE.dll
0x000007fefef80000 - 0x000007feff05b000 	C:\Windows\system32\ADVAPI32.dll
0x000007feff450000 - 0x000007feff4ef000 	C:\Windows\system32\msvcrt.dll
0x000007fefdd30000 - 0x000007fefdd4f000 	C:\Windows\SYSTEM32\sechost.dll
0x000007fefe0c0000 - 0x000007fefe1ed000 	C:\Windows\system32\RPCRT4.dll
0x0000000076d70000 - 0x0000000076e6a000 	C:\Windows\system32\USER32.dll
0x000007feff270000 - 0x000007feff2d7000 	C:\Windows\system32\GDI32.dll
0x000007fefe010000 - 0x000007fefe01e000 	C:\Windows\system32\LPK.dll
0x000007feff300000 - 0x000007feff3c9000 	C:\Windows\system32\USP10.dll
0x000007fefdd00000 - 0x000007fefdd2e000 	C:\Windows\system32\IMM32.DLL
0x000007fefdb10000 - 0x000007fefdc19000 	C:\Windows\system32\MSCTF.dll
0x000000006d890000 - 0x000000006df94000 	C:\scox\app\AnyLogic 6.9 University\AnyLogic 6 University\jre\bin\server\jvm.dll
0x000007fef98f0000 - 0x000007fef992b000 	C:\Windows\system32\WINMM.dll
0x000000006d800000 - 0x000000006d80e000 	C:\scox\app\AnyLogic 6.9 University\AnyLogic 6 University\jre\bin\verify.dll
0x000000006d450000 - 0x000000006d477000 	C:\scox\app\AnyLogic 6.9 University\AnyLogic 6 University\jre\bin\java.dll
0x000000006d3b0000 - 0x000000006d3ba000 	C:\scox\app\AnyLogic 6.9 University\AnyLogic 6 University\jre\bin\hpi.dll
0x0000000077400000 - 0x0000000077407000 	C:\Windows\system32\PSAPI.DLL
0x000000006d850000 - 0x000000006d862000 	C:\scox\app\AnyLogic 6.9 University\AnyLogic 6 University\jre\bin\zip.dll
0x000000006d0a0000 - 0x000000006d263000 	C:\scox\app\AnyLogic 6.9 University\AnyLogic 6 University\jre\bin\awt.dll
0x000007fef9180000 - 0x000007fef91f1000 	C:\Windows\system32\WINSPOOL.DRV
0x000007feff060000 - 0x000007feff263000 	C:\Windows\system32\ole32.dll
0x000007fefe1f0000 - 0x000007fefef78000 	C:\Windows\system32\SHELL32.dll
0x000007fefdf40000 - 0x000007fefdfb1000 	C:\Windows\system32\SHLWAPI.dll
0x000007fefc120000 - 0x000007fefc314000 	C:\Windows\WinSxS\amd64_microsoft.windows.common-controls_6595b64144ccf1df_6.0.7601.17514_none_fa396087175ac9ac\COMCTL32.dll
0x000007fefb950000 - 0x000007fefb968000 	C:\Windows\system32\DWMAPI.DLL
0x000007fefd570000 - 0x000007fefd57f000 	C:\Windows\system32\CRYPTBASE.dll
0x000000006d340000 - 0x000000006d3a6000 	C:\scox\app\AnyLogic 6.9 University\AnyLogic 6 University\jre\bin\fontmanager.dll
0x000000006d6a0000 - 0x000000006d6b7000 	C:\scox\app\AnyLogic 6.9 University\AnyLogic 6 University\jre\bin\net.dll
0x000007fefdfc0000 - 0x000007fefe00d000 	C:\Windows\system32\WS2_32.dll
0x000007fefdf30000 - 0x000007fefdf38000 	C:\Windows\system32\NSI.dll
0x000007fefced0000 - 0x000007fefcf25000 	C:\Windows\system32\mswsock.dll
0x000007fefcec0000 - 0x000007fefcec7000 	C:\Windows\System32\wship6.dll
0x000000006d6c0000 - 0x000000006d6cb000 	C:\scox\app\AnyLogic 6.9 University\AnyLogic 6 University\jre\bin\nio.dll

VM Arguments:
jvm_args: -Xms2048m -XX:PermSize=128M -Xmx1038565m -DlanguageId_xjal=en0uo3t9 -Dfile.encoding=Cp1252 
java_command: com.xj.anylogic.ms.MS CRC.HassmillerCRC 165c091 seed 12334
Launcher Type: SUN_STANDARD

Environment Variables:
JAVA_HOME=C:\scox\app\jdk1.7.0
PATH=C:/scox/app/AnyLogic 6.9 University/AnyLogic 6 University/jre/bin/server;C:/scox/app/AnyLogic 6.9 University/AnyLogic 6 University/jre/bin;C:/scox/app/AnyLogic 6.9 University/AnyLogic 6 University/jre/lib/amd64;C:\Users\stevec\app\jdk1.7.0_45\bin;C:\Users\stevec\app\apache-maven-3.1.1\bin;C:\Windows\system32;C:\Windows;C:\Windows\System32\Wbem;C:\Windows\System32\WindowsPowerShell\v1.0\;C:\Program Files\Perforce;C:\scox\app\jdk1.7.0\bin;C:\scox\app\apache-maven-3.0.4\bin;C:\scox\app\AnyLogic 6.9 University\AnyLogic 6 University;
USERNAME=dacornej
OS=Windows_NT
PROCESSOR_IDENTIFIER=Intel64 Family 6 Model 46 Stepping 6, GenuineIntel



---------------  S Y S T E M  ---------------

OS: Windows NT 6.1 Build 7601 Service Pack 1

CPU:total 64 (8 cores per cpu, 2 threads per core) family 6 model 46 stepping 6, cmov, cx8, fxsr, mmx, sse, sse2, sse3, ssse3, sse4.1, sse4.2, popcnt, ht

Memory: 4k page, physical 1073731412k(438258964k free), swap 1074090896k(276273292k free)

vm_info: Java HotSpot(TM) 64-Bit Server VM (19.1-b02) for windows-amd64 JRE (1.6.0_24-b07), built on Feb  2 2011 16:25:45 by "java_re" with MS VC++ 8.0 (VS2005)

time: Wed Jul 30 17:24:51 2014
elapsed time: 16508 seconds

